#
# A fatal error has been detected by the Java Runtime Environment:
#
#  SIGSEGV (0xb) at pc=0x00007faf66fecab5, pid=5828, tid=5859
#
# JRE version: OpenJDK Runtime Environment (14.0.1+7) (build 14.0.1+7-Ubuntu-1ubuntu1)
# Java VM: OpenJDK 64-Bit Server VM (14.0.1+7-Ubuntu-1ubuntu1, mixed mode, sharing, tiered, compressed oops, g1 gc, linux-amd64)
# Problematic frame:
# C  0x00007faf66fecab5
#
# Core dump will be written. Default location: Core dumps may be processed with "/usr/share/apport/apport %p %s %c %d %P %E" (or dumping to /home/tombomb/workspace/java/micronaut/allowance/core.5828)
#
# If you would like to submit a bug report, please visit:
#   Unknown
#

---------------  S U M M A R Y ------------

Command Line: -Xmx64m -Xms64m -Dorg.gradle.appname=gradlew org.gradle.wrapper.GradleWrapperMain run

Host: Intel(R) Core(TM) M-5Y71 CPU @ 1.20GHz, 4 cores, 7G, Ubuntu 20.04.1 LTS
Time: Tue Sep  8 21:46:00 2020 CDT elapsed time: 8356 seconds (0d 2h 19m 16s)

---------------  T H R E A D  ---------------

Current thread (0x00007faf786d9000):  JavaThread "pool-1-thread-1" [_thread_in_Java, id=5859, stack(0x00007faf5d9e0000,0x00007faf5dae1000)]

Stack: [0x00007faf5d9e0000,0x00007faf5dae1000],  sp=0x00007faf5dadf6f0,  free space=1021k
Native frames: (J=compiled Java code, A=aot compiled Java code, j=interpreted, Vv=VM code, C=native code)
C  0x00007faf66fecab5


siginfo: si_signo: 11 (SIGSEGV), si_code: 2 (SEGV_ACCERR), si_addr: 0x00007faf66fecab5

Register to memory mapping:

RAX=0x00000000ff780800 is an oop: [B 
{0x00000000ff780800} - klass: {type array byte}
 - length: 16
RBX=436481 is a compressed pointer to class: 0x0000000800354808
java.lang.StringBuilder {0x0000000800354808}
RCX=0x00000000fd7c53a0 is an oop: org.gradle.internal.logging.console.AnsiConsole 
{0x00000000fd7c53a0} - klass: 'org/gradle/internal/logging/console/AnsiConsole'
RDX=0x00000000fd7c53c0 is an oop: org.gradle.internal.logging.console.AnsiConsole$1 
{0x00000000fd7c53c0} - klass: 'org/gradle/internal/logging/console/AnsiConsole$1'
RSP=0x00007faf5dadf6f0 is pointing into the stack for thread: 0x00007faf786d9000
RBP=0x00000000fd7c53a0 is an oop: org.gradle.internal.logging.console.AnsiConsole 
{0x00000000fd7c53a0} - klass: 'org/gradle/internal/logging/console/AnsiConsole'
RSI=0x0 is NULL
RDI=0x00007faf78031230 points into unknown readable memory: d8 be 2d 81 af 7f 00 00
R8 =0x00000000ff780588 is an oop: org.fusesource.jansi.Ansi 
{0x00000000ff780588} - klass: 'org/fusesource/jansi/Ansi'
R9 =0x000000000007f800 is an unknown value
R10=0x00000000fd7c7780 is an oop: org.gradle.internal.logging.console.DefaultAnsiExecutor 
{0x00000000fd7c7780} - klass: 'org/gradle/internal/logging/console/DefaultAnsiExecutor'
R11=0x00000000ff7805a0 is an oop: java.lang.StringBuilder 
{0x00000000ff7805a0} - klass: 'java/lang/StringBuilder'
R12=0x0 is NULL
R13=0x00000000ff780550 is an oop: java.lang.String 
{0x00000000ff780550} - klass: 'java/lang/String'
R14=0x0000000800312b80 is a pointer to class: 
java.lang.String {0x0000000800312b80}
R15=0x00007faf786d9000 is a thread


Registers:
RAX=0x00000000ff780800, RBX=0x000000000006a901, RCX=0x00000000fd7c53a0, RDX=0x00000000fd7c53c0
RSP=0x00007faf5dadf6f0, RBP=0x00000000fd7c53a0, RSI=0x0000000000000000, RDI=0x00007faf78031230
R8 =0x00000000ff780588, R9 =0x000000000007f800, R10=0x00000000fd7c7780, R11=0x00000000ff7805a0
R12=0x0000000000000000, R13=0x00000000ff780550, R14=0x0000000800312b80, R15=0x00007faf786d9000
RIP=0x00007faf66fecab5, EFLAGS=0x0000000000010246, CSGSFS=0x002b000000000033, ERR=0x0000000000000014
  TRAPNO=0x000000000000000e

Top of Stack: (sp=0x00007faf5dadf6f0)
0x00007faf5dadf6f0:   00000000fd7c53c0 00000000fd7c7780
0x00007faf5dadf700:   00000000ff780588 00000000ff7805a0
0x00007faf5dadf710:   00000000ff7801e0 00000000ff7005a8
0x00007faf5dadf720:   000000000017bb15 00000000ff7802d8 

Instructions: (pc=0x00007faf66fecab5)
0x00007faf66fec9b5:   ?? ?? ?? ?? ?? ?? ?? ?? ?? ?? ?? ?? ?? ?? ?? ??
0x00007faf66fec9c5:   ?? ?? ?? ?? ?? ?? ?? ?? ?? ?? ?? ?? ?? ?? ?? ??
0x00007faf66fec9d5:   ?? ?? ?? ?? ?? ?? ?? ?? ?? ?? ?? ?? ?? ?? ?? ??
0x00007faf66fec9e5:   ?? ?? ?? ?? ?? ?? ?? ?? ?? ?? ?? ?? ?? ?? ?? ??
0x00007faf66fec9f5:   ?? ?? ?? ?? ?? ?? ?? ?? ?? ?? ?? ?? ?? ?? ?? ??
0x00007faf66feca05:   ?? ?? ?? ?? ?? ?? ?? ?? ?? ?? ?? ?? ?? ?? ?? ??
0x00007faf66feca15:   ?? ?? ?? ?? ?? ?? ?? ?? ?? ?? ?? ?? ?? ?? ?? ??
0x00007faf66feca25:   ?? ?? ?? ?? ?? ?? ?? ?? ?? ?? ?? ?? ?? ?? ?? ??
0x00007faf66feca35:   ?? ?? ?? ?? ?? ?? ?? ?? ?? ?? ?? ?? ?? ?? ?? ??
0x00007faf66feca45:   ?? ?? ?? ?? ?? ?? ?? ?? ?? ?? ?? ?? ?? ?? ?? ??
0x00007faf66feca55:   ?? ?? ?? ?? ?? ?? ?? ?? ?? ?? ?? ?? ?? ?? ?? ??
0x00007faf66feca65:   ?? ?? ?? ?? ?? ?? ?? ?? ?? ?? ?? ?? ?? ?? ?? ??
0x00007faf66feca75:   ?? ?? ?? ?? ?? ?? ?? ?? ?? ?? ?? ?? ?? ?? ?? ??
0x00007faf66feca85:   ?? ?? ?? ?? ?? ?? ?? ?? ?? ?? ?? ?? ?? ?? ?? ??
0x00007faf66feca95:   ?? ?? ?? ?? ?? ?? ?? ?? ?? ?? ?? ?? ?? ?? ?? ??
0x00007faf66fecaa5:   ?? ?? ?? ?? ?? ?? ?? ?? ?? ?? ?? ?? ?? ?? ?? ??
0x00007faf66fecab5:   ?? ?? ?? ?? ?? ?? ?? ?? ?? ?? ?? ?? ?? ?? ?? ??
0x00007faf66fecac5:   ?? ?? ?? ?? ?? ?? ?? ?? ?? ?? ?? ?? ?? ?? ?? ??
0x00007faf66fecad5:   ?? ?? ?? ?? ?? ?? ?? ?? ?? ?? ?? ?? ?? ?? ?? ??
0x00007faf66fecae5:   ?? ?? ?? ?? ?? ?? ?? ?? ?? ?? ?? ?? ?? ?? ?? ??
0x00007faf66fecaf5:   ?? ?? ?? ?? ?? ?? ?? ?? ?? ?? ?? ?? ?? ?? ?? ??
0x00007faf66fecb05:   ?? ?? ?? ?? ?? ?? ?? ?? ?? ?? ?? ?? ?? ?? ?? ??
0x00007faf66fecb15:   ?? ?? ?? ?? ?? ?? ?? ?? ?? ?? ?? ?? ?? ?? ?? ??
0x00007faf66fecb25:   ?? ?? ?? ?? ?? ?? ?? ?? ?? ?? ?? ?? ?? ?? ?? ??
0x00007faf66fecb35:   ?? ?? ?? ?? ?? ?? ?? ?? ?? ?? ?? ?? ?? ?? ?? ??
0x00007faf66fecb45:   ?? ?? ?? ?? ?? ?? ?? ?? ?? ?? ?? ?? ?? ?? ?? ??
0x00007faf66fecb55:   ?? ?? ?? ?? ?? ?? ?? ?? ?? ?? ?? ?? ?? ?? ?? ??
0x00007faf66fecb65:   ?? ?? ?? ?? ?? ?? ?? ?? ?? ?? ?? ?? ?? ?? ?? ??
0x00007faf66fecb75:   ?? ?? ?? ?? ?? ?? ?? ?? ?? ?? ?? ?? ?? ?? ?? ??
0x00007faf66fecb85:   ?? ?? ?? ?? ?? ?? ?? ?? ?? ?? ?? ?? ?? ?? ?? ??
0x00007faf66fecb95:   ?? ?? ?? ?? ?? ?? ?? ?? ?? ?? ?? ?? ?? ?? ?? ??
0x00007faf66fecba5:   ?? ?? ?? ?? ?? ?? ?? ?? ?? ?? ?? ?? ?? ?? ?? ?? 


Stack slot to memory mapping:
stack at sp + 0 slots: 0x00000000fd7c53c0 is an oop: org.gradle.internal.logging.console.AnsiConsole$1 
{0x00000000fd7c53c0} - klass: 'org/gradle/internal/logging/console/AnsiConsole$1'
stack at sp + 1 slots: 0x00000000fd7c7780 is an oop: org.gradle.internal.logging.console.DefaultAnsiExecutor 
{0x00000000fd7c7780} - klass: 'org/gradle/internal/logging/console/DefaultAnsiExecutor'
stack at sp + 2 slots: 0x00000000ff780588 is an oop: org.fusesource.jansi.Ansi 
{0x00000000ff780588} - klass: 'org/fusesource/jansi/Ansi'
stack at sp + 3 slots: 0x00000000ff7805a0 is an oop: java.lang.StringBuilder 
{0x00000000ff7805a0} - klass: 'java/lang/StringBuilder'
stack at sp + 4 slots: 0x00000000ff7801e0 is an oop: [B 
{0x00000000ff7801e0} - klass: {type array byte}
 - length: 16
stack at sp + 5 slots: 0x00000000ff7005a8 is an oop: org.gradle.internal.logging.events.UpdateNowEvent 
{0x00000000ff7005a8} - klass: 'org/gradle/internal/logging/events/UpdateNowEvent'
stack at sp + 6 slots: 1555221 is a compressed pointer to class: 0x0000000800bdd8a8
org.gradle.internal.logging.events.UpdateNowEvent {0x0000000800bdd8a8}
stack at sp + 7 slots: 0x00000000ff7802d8 is an oop: java.util.concurrent.locks.AbstractQueuedSynchronizer$ConditionNode 
{0x00000000ff7802d8} - klass: 'java/util/concurrent/locks/AbstractQueuedSynchronizer$ConditionNode'


---------------  P R O C E S S  ---------------

Threads class SMR info:
_java_thread_list=0x00007faf100361e0, length=14, elements={
0x00007faf78017800, 0x00007faf780a6800, 0x00007faf780a8000, 0x00007faf780ae800,
0x00007faf780b0800, 0x00007faf780b2800, 0x00007faf780b4800, 0x00007faf780b6800,
0x00007faf780fe000, 0x00007faf78103000, 0x00007faf3c001000, 0x00007faf786d9000,
0x00007faf787eb800, 0x00007faf787f2800
}

Java Threads: ( => current thread )
  0x00007faf78017800 JavaThread "main" [_thread_in_native, id=5839, stack(0x00007faf7fc4a000,0x00007faf7fd4b000)]
  0x00007faf780a6800 JavaThread "Reference Handler" daemon [_thread_blocked, id=5846, stack(0x00007faf5fb8f000,0x00007faf5fc90000)]
  0x00007faf780a8000 JavaThread "Finalizer" daemon [_thread_blocked, id=5847, stack(0x00007faf5fa8e000,0x00007faf5fb8f000)]
  0x00007faf780ae800 JavaThread "Signal Dispatcher" daemon [_thread_blocked, id=5848, stack(0x00007faf5ebaf000,0x00007faf5ecb0000)]
  0x00007faf780b0800 JavaThread "Service Thread" daemon [_thread_blocked, id=5849, stack(0x00007faf5eaae000,0x00007faf5ebaf000)]
  0x00007faf780b2800 JavaThread "C2 CompilerThread0" daemon [_thread_blocked, id=5850, stack(0x00007faf5e9ad000,0x00007faf5eaae000)]
  0x00007faf780b4800 JavaThread "C1 CompilerThread0" daemon [_thread_blocked, id=5851, stack(0x00007faf5e8ac000,0x00007faf5e9ad000)]
  0x00007faf780b6800 JavaThread "Sweeper thread" daemon [_thread_blocked, id=5852, stack(0x00007faf5e7ab000,0x00007faf5e8ac000)]
  0x00007faf780fe000 JavaThread "Notification Thread" daemon [_thread_blocked, id=5853, stack(0x00007faf5e6aa000,0x00007faf5e7ab000)]
  0x00007faf78103000 JavaThread "Common-Cleaner" daemon [_thread_blocked, id=5855, stack(0x00007faf5e4a7000,0x00007faf5e5a8000)]
  0x00007faf3c001000 JavaThread "Attach Listener" daemon [_thread_blocked, id=5856, stack(0x00007faf5e375000,0x00007faf5e476000)]
=>0x00007faf786d9000 JavaThread "pool-1-thread-1" [_thread_in_Java, id=5859, stack(0x00007faf5d9e0000,0x00007faf5dae1000)]
  0x00007faf787eb800 JavaThread "DisconnectableInputStream source reader" daemon [_thread_in_native, id=5867, stack(0x00007faf5d6d6000,0x00007faf5d7d7000)]
  0x00007faf787f2800 JavaThread "Forward input" [_thread_blocked, id=5870, stack(0x00007faf5d5d5000,0x00007faf5d6d6000)]

Other Threads:
  0x00007faf780a3800 VMThread "VM Thread" [stack: 0x00007faf7c047000,0x00007faf7c147000] [id=5845]
  0x00007faf78100800 WatcherThread [stack: 0x00007faf5e5aa000,0x00007faf5e6aa000] [id=5854]
  0x00007faf78036000 GCTaskThread "GC Thread#0" [stack: 0x00007faf7f2b4000,0x00007faf7f3b4000] [id=5840]
  0x00007faf40001000 GCTaskThread "GC Thread#1" [stack: 0x00007faf5e174000,0x00007faf5e274000] [id=5858]
  0x00007faf40003800 GCTaskThread "GC Thread#2" [stack: 0x00007faf5d8e0000,0x00007faf5d9e0000] [id=5860]
  0x00007faf40004800 GCTaskThread "GC Thread#3" [stack: 0x00007faf5d7de000,0x00007faf5d8de000] [id=5861]
  0x00007faf78038800 ConcurrentGCThread "G1 Main Marker" [stack: 0x00007faf7f1b2000,0x00007faf7f2b2000] [id=5841]
  0x00007faf7803a000 ConcurrentGCThread "G1 Conc#0" [stack: 0x00007faf7f0b0000,0x00007faf7f1b0000] [id=5842]
  0x00007faf7807c800 ConcurrentGCThread "G1 Refine#0" [stack: 0x00007faf7cbaa000,0x00007faf7ccaa000] [id=5843]
  0x00007faf7807e000 ConcurrentGCThread "G1 Young RemSet Sampling" [stack: 0x00007faf7caa8000,0x00007faf7cba8000] [id=5844]

Threads with active compile tasks:

VM state:not at safepoint (normal execution)

VM Mutex/Monitor currently owned by a thread: None

Heap address: 0x00000000fc000000, size: 64 MB, Compressed Oops mode: 32-bit
Narrow klass base: 0x0000000800000000, Narrow klass shift: 3
Compressed class space size: 1073741824 Address: 0x0000000800b18000

Heap:
 garbage-first heap   total 65536K, used 16195K [0x00000000fc000000, 0x0000000100000000)
  region size 1024K, 9 young (9216K), 2 survivors (2048K)
 Metaspace       used 8157K, capacity 9235K, committed 9472K, reserved 1056768K
  class space    used 1081K, capacity 1228K, committed 1280K, reserved 1048576K
Heap Regions: E=young(eden), S=young(survivor), O=old, HS=humongous(starts), HC=humongous(continues), CS=collection set, F=free, OA=open archive, CA=closed archive, TAMS=top-at-mark-start (previous, next)
|   0|0x00000000fc000000, 0x00000000fc100000, 0x00000000fc100000|100%| O|  |TAMS 0x00000000fc000000, 0x00000000fc000000| Untracked 
|   1|0x00000000fc100000, 0x00000000fc1c9800, 0x00000000fc200000| 78%| O|  |TAMS 0x00000000fc100000, 0x00000000fc100000| Untracked 
|   2|0x00000000fc200000, 0x00000000fc200000, 0x00000000fc300000|  0%| F|  |TAMS 0x00000000fc200000, 0x00000000fc200000| Untracked 
|   3|0x00000000fc300000, 0x00000000fc400000, 0x00000000fc400000|100%|HS|  |TAMS 0x00000000fc300000, 0x00000000fc300000| Complete 
|   4|0x00000000fc400000, 0x00000000fc500000, 0x00000000fc500000|100%|HC|  |TAMS 0x00000000fc400000, 0x00000000fc400000| Complete 
|   5|0x00000000fc500000, 0x00000000fc600000, 0x00000000fc600000|100%|HC|  |TAMS 0x00000000fc500000, 0x00000000fc500000| Complete 
|   6|0x00000000fc600000, 0x00000000fc700000, 0x00000000fc700000|100%| O|  |TAMS 0x00000000fc600000, 0x00000000fc600000| Untracked 
|   7|0x00000000fc700000, 0x00000000fc800000, 0x00000000fc800000|100%| O|  |TAMS 0x00000000fc700000, 0x00000000fc700000| Untracked 
|   8|0x00000000fc800000, 0x00000000fc900000, 0x00000000fc900000|100%| O|  |TAMS 0x00000000fc800000, 0x00000000fc800000| Untracked 
|   9|0x00000000fc900000, 0x00000000fc900000, 0x00000000fca00000|  0%| F|  |TAMS 0x00000000fc900000, 0x00000000fc900000| Untracked 
|  10|0x00000000fca00000, 0x00000000fca00000, 0x00000000fcb00000|  0%| F|  |TAMS 0x00000000fca00000, 0x00000000fca00000| Untracked 
|  11|0x00000000fcb00000, 0x00000000fcb00000, 0x00000000fcc00000|  0%| F|  |TAMS 0x00000000fcb00000, 0x00000000fcb00000| Untracked 
|  12|0x00000000fcc00000, 0x00000000fcc00000, 0x00000000fcd00000|  0%| F|  |TAMS 0x00000000fcc00000, 0x00000000fcc00000| Untracked 
|  13|0x00000000fcd00000, 0x00000000fcd00000, 0x00000000fce00000|  0%| F|  |TAMS 0x00000000fcd00000, 0x00000000fcd00000| Untracked 
|  14|0x00000000fce00000, 0x00000000fce00000, 0x00000000fcf00000|  0%| F|  |TAMS 0x00000000fce00000, 0x00000000fce00000| Untracked 
|  15|0x00000000fcf00000, 0x00000000fcf00000, 0x00000000fd000000|  0%| F|  |TAMS 0x00000000fcf00000, 0x00000000fcf00000| Untracked 
|  16|0x00000000fd000000, 0x00000000fd000000, 0x00000000fd100000|  0%| F|  |TAMS 0x00000000fd000000, 0x00000000fd000000| Untracked 
|  17|0x00000000fd100000, 0x00000000fd100000, 0x00000000fd200000|  0%| F|  |TAMS 0x00000000fd100000, 0x00000000fd100000| Untracked 
|  18|0x00000000fd200000, 0x00000000fd200000, 0x00000000fd300000|  0%| F|  |TAMS 0x00000000fd200000, 0x00000000fd200000| Untracked 
|  19|0x00000000fd300000, 0x00000000fd300000, 0x00000000fd400000|  0%| F|  |TAMS 0x00000000fd300000, 0x00000000fd300000| Untracked 
|  20|0x00000000fd400000, 0x00000000fd400000, 0x00000000fd500000|  0%| F|  |TAMS 0x00000000fd400000, 0x00000000fd400000| Untracked 
|  21|0x00000000fd500000, 0x00000000fd500000, 0x00000000fd600000|  0%| F|  |TAMS 0x00000000fd500000, 0x00000000fd500000| Untracked 
|  22|0x00000000fd600000, 0x00000000fd6367c0, 0x00000000fd700000| 21%| S|CS|TAMS 0x00000000fd600000, 0x00000000fd600000| Complete 
|  23|0x00000000fd700000, 0x00000000fd800000, 0x00000000fd800000|100%| S|CS|TAMS 0x00000000fd700000, 0x00000000fd700000| Complete 
|  24|0x00000000fd800000, 0x00000000fd800000, 0x00000000fd900000|  0%| F|  |TAMS 0x00000000fd800000, 0x00000000fd800000| Untracked 
|  25|0x00000000fd900000, 0x00000000fd900000, 0x00000000fda00000|  0%| F|  |TAMS 0x00000000fd900000, 0x00000000fd900000| Untracked 
|  26|0x00000000fda00000, 0x00000000fda00000, 0x00000000fdb00000|  0%| F|  |TAMS 0x00000000fda00000, 0x00000000fda00000| Untracked 
|  27|0x00000000fdb00000, 0x00000000fdb00000, 0x00000000fdc00000|  0%| F|  |TAMS 0x00000000fdb00000, 0x00000000fdb00000| Untracked 
|  28|0x00000000fdc00000, 0x00000000fdc00000, 0x00000000fdd00000|  0%| F|  |TAMS 0x00000000fdc00000, 0x00000000fdc00000| Untracked 
|  29|0x00000000fdd00000, 0x00000000fdd00000, 0x00000000fde00000|  0%| F|  |TAMS 0x00000000fdd00000, 0x00000000fdd00000| Untracked 
|  30|0x00000000fde00000, 0x00000000fde00000, 0x00000000fdf00000|  0%| F|  |TAMS 0x00000000fde00000, 0x00000000fde00000| Untracked 
|  31|0x00000000fdf00000, 0x00000000fdf00000, 0x00000000fe000000|  0%| F|  |TAMS 0x00000000fdf00000, 0x00000000fdf00000| Untracked 
|  32|0x00000000fe000000, 0x00000000fe000000, 0x00000000fe100000|  0%| F|  |TAMS 0x00000000fe000000, 0x00000000fe000000| Untracked 
|  33|0x00000000fe100000, 0x00000000fe100000, 0x00000000fe200000|  0%| F|  |TAMS 0x00000000fe100000, 0x00000000fe100000| Untracked 
|  34|0x00000000fe200000, 0x00000000fe200000, 0x00000000fe300000|  0%| F|  |TAMS 0x00000000fe200000, 0x00000000fe200000| Untracked 
|  35|0x00000000fe300000, 0x00000000fe300000, 0x00000000fe400000|  0%| F|  |TAMS 0x00000000fe300000, 0x00000000fe300000| Untracked 
|  36|0x00000000fe400000, 0x00000000fe400000, 0x00000000fe500000|  0%| F|  |TAMS 0x00000000fe400000, 0x00000000fe400000| Untracked 
|  37|0x00000000fe500000, 0x00000000fe500000, 0x00000000fe600000|  0%| F|  |TAMS 0x00000000fe500000, 0x00000000fe500000| Untracked 
|  38|0x00000000fe600000, 0x00000000fe600000, 0x00000000fe700000|  0%| F|  |TAMS 0x00000000fe600000, 0x00000000fe600000| Untracked 
|  39|0x00000000fe700000, 0x00000000fe700000, 0x00000000fe800000|  0%| F|  |TAMS 0x00000000fe700000, 0x00000000fe700000| Untracked 
|  40|0x00000000fe800000, 0x00000000fe800000, 0x00000000fe900000|  0%| F|  |TAMS 0x00000000fe800000, 0x00000000fe800000| Untracked 
|  41|0x00000000fe900000, 0x00000000fe900000, 0x00000000fea00000|  0%| F|  |TAMS 0x00000000fe900000, 0x00000000fe900000| Untracked 
|  42|0x00000000fea00000, 0x00000000fea00000, 0x00000000feb00000|  0%| F|  |TAMS 0x00000000fea00000, 0x00000000fea00000| Untracked 
|  43|0x00000000feb00000, 0x00000000feb00000, 0x00000000fec00000|  0%| F|  |TAMS 0x00000000feb00000, 0x00000000feb00000| Untracked 
|  44|0x00000000fec00000, 0x00000000fec00000, 0x00000000fed00000|  0%| F|  |TAMS 0x00000000fec00000, 0x00000000fec00000| Untracked 
|  45|0x00000000fed00000, 0x00000000fed00000, 0x00000000fee00000|  0%| F|  |TAMS 0x00000000fed00000, 0x00000000fed00000| Untracked 
|  46|0x00000000fee00000, 0x00000000fee00000, 0x00000000fef00000|  0%| F|  |TAMS 0x00000000fee00000, 0x00000000fee00000| Untracked 
|  47|0x00000000fef00000, 0x00000000fef00000, 0x00000000ff000000|  0%| F|  |TAMS 0x00000000fef00000, 0x00000000fef00000| Untracked 
|  48|0x00000000ff000000, 0x00000000ff000000, 0x00000000ff100000|  0%| F|  |TAMS 0x00000000ff000000, 0x00000000ff000000| Untracked 
|  49|0x00000000ff100000, 0x00000000ff100000, 0x00000000ff200000|  0%| F|  |TAMS 0x00000000ff100000, 0x00000000ff100000| Untracked 
|  50|0x00000000ff200000, 0x00000000ff200000, 0x00000000ff300000|  0%| F|  |TAMS 0x00000000ff200000, 0x00000000ff200000| Untracked 
|  51|0x00000000ff300000, 0x00000000ff300000, 0x00000000ff400000|  0%| F|  |TAMS 0x00000000ff300000, 0x00000000ff300000| Untracked 
|  52|0x00000000ff400000, 0x00000000ff400000, 0x00000000ff500000|  0%| F|  |TAMS 0x00000000ff400000, 0x00000000ff400000| Untracked 
|  53|0x00000000ff500000, 0x00000000ff500000, 0x00000000ff600000|  0%| F|  |TAMS 0x00000000ff500000, 0x00000000ff500000| Untracked 
|  54|0x00000000ff600000, 0x00000000ff600000, 0x00000000ff700000|  0%| F|  |TAMS 0x00000000ff600000, 0x00000000ff600000| Untracked 
|  55|0x00000000ff700000, 0x00000000ff800000, 0x00000000ff800000|100%| E|  |TAMS 0x00000000ff700000, 0x00000000ff700000| Complete 
|  56|0x00000000ff800000, 0x00000000ff900000, 0x00000000ff900000|100%| E|CS|TAMS 0x00000000ff800000, 0x00000000ff800000| Complete 
|  57|0x00000000ff900000, 0x00000000ffa00000, 0x00000000ffa00000|100%| E|CS|TAMS 0x00000000ff900000, 0x00000000ff900000| Complete 
|  58|0x00000000ffa00000, 0x00000000ffb00000, 0x00000000ffb00000|100%| E|CS|TAMS 0x00000000ffa00000, 0x00000000ffa00000| Complete 
|  59|0x00000000ffb00000, 0x00000000ffc00000, 0x00000000ffc00000|100%| E|CS|TAMS 0x00000000ffb00000, 0x00000000ffb00000| Complete 
|  60|0x00000000ffc00000, 0x00000000ffd00000, 0x00000000ffd00000|100%| E|CS|TAMS 0x00000000ffc00000, 0x00000000ffc00000| Complete 
|  61|0x00000000ffd00000, 0x00000000ffe00000, 0x00000000ffe00000|100%| E|CS|TAMS 0x00000000ffd00000, 0x00000000ffd00000| Complete 
|  62|0x00000000ffe00000, 0x00000000ffe52000, 0x00000000fff00000| 32%|OA|  |TAMS 0x00000000ffe00000, 0x00000000ffe00000| Untracked 
|  63|0x00000000fff00000, 0x00000000fff7f000, 0x0000000100000000| 49%|CA|  |TAMS 0x00000000fff00000, 0x00000000fff00000| Untracked 

Card table byte_map: [0x00007faf7f5d4000,0x00007faf7f5f4000] _byte_map_base: 0x00007faf7edf4000

Marking Bits (Prev, Next): (CMBitMap*) 0x00007faf780370a8, (CMBitMap*) 0x00007faf780370e8
 Prev Bits: [0x00007faf7f4b4000, 0x00007faf7f5b4000)
 Next Bits: [0x00007faf7f3b4000, 0x00007faf7f4b4000)

Polling page: 0x00007faf815e4000

Metaspace:

Usage:
  Non-class:      7.82 MB capacity,     6.91 MB ( 88%) used,   918.06 KB ( 11%) free+waste,    13.31 KB ( <1%) overhead. 
      Class:      1.20 MB capacity,     1.06 MB ( 88%) used,   139.08 KB ( 11%) free+waste,     7.44 KB ( <1%) overhead. 
       Both:      9.02 MB capacity,     7.97 MB ( 88%) used,     1.03 MB ( 11%) free+waste,    20.75 KB ( <1%) overhead. 

Virtual space:
  Non-class space:        8.00 MB reserved,       8.00 MB (100%) committed 
      Class space:        1.00 GB reserved,       1.25 MB ( <1%) committed 
             Both:        1.01 GB reserved,       9.25 MB ( <1%) committed 

Chunk freelists:
   Non-Class:  41.00 KB
       Class:  20.00 KB
        Both:  61.00 KB

MaxMetaspaceSize: unlimited
CompressedClassSpaceSize: 1.00 GB

CodeHeap 'non-profiled nmethods': size=120032Kb used=774Kb max_used=774Kb free=119257Kb
 bounds [0x00007faf67758000, 0x00007faf679c8000, 0x00007faf6ec90000]
CodeHeap 'profiled nmethods': size=120028Kb used=2577Kb max_used=2577Kb free=117450Kb
 bounds [0x00007faf60221000, 0x00007faf604b1000, 0x00007faf67758000]
CodeHeap 'non-nmethods': size=5700Kb used=1170Kb max_used=1205Kb free=4529Kb
 bounds [0x00007faf5fc90000, 0x00007faf5ff00000, 0x00007faf60221000]
 total_blobs=2350 nmethods=1406 adapters=346
 compilation: enabled
              stopped_count=0, restarted_count=0
 full_count=0

Compilation events (20 events):
Event: 5371.848 Thread 0x00007faf780b2800 1398       4       org.gradle.internal.logging.console.DefaultColorMap$ForegroundColor::on (10 bytes)
Event: 5371.855 Thread 0x00007faf780b2800 nmethod 1398 0x00007faf67816c10 code [0x00007faf67816e20, 0x00007faf67817228]
Event: 5371.856 Thread 0x00007faf780b2800 1399       4       com.google.common.collect.Lists$ReverseList::iterator (5 bytes)
Event: 5371.859 Thread 0x00007faf780b2800 nmethod 1399 0x00007faf67817490 code [0x00007faf67817640, 0x00007faf67817898]
Event: 5499.848 Thread 0x00007faf780b2800 1400       4       com.google.common.collect.Lists::reverse (55 bytes)
Event: 5499.850 Thread 0x00007faf780b2800 nmethod 1400 0x00007faf67817a90 code [0x00007faf67817c40, 0x00007faf67817dd8]
Event: 5599.848 Thread 0x00007faf780b2800 1401       4       org.gradle.internal.logging.console.DefaultColorMap$AttributeColor::off (10 bytes)
Event: 5599.857 Thread 0x00007faf780b2800 nmethod 1401 0x00007faf67817f10 code [0x00007faf67818120, 0x00007faf67818528]
Event: 5627.848 Thread 0x00007faf780b2800 1402       4       org.gradle.internal.logging.console.DefaultColorMap$ForegroundColor::off (9 bytes)
Event: 5627.852 Thread 0x00007faf780b2800 nmethod 1402 0x00007faf67818790 code [0x00007faf67818980, 0x00007faf67818d68]
Event: 6042.248 Thread 0x00007faf780b4800 1403 % !   3       java.util.concurrent.ThreadPoolExecutor::runWorker @ 21 (187 bytes)
Event: 6042.252 Thread 0x00007faf780b4800 nmethod 1403% 0x00007faf604a1210 code [0x00007faf604a1540, 0x00007faf604a2c80]
Event: 6144.648 Thread 0x00007faf780b4800 1404   !   3       java.util.concurrent.ThreadPoolExecutor::runWorker (187 bytes)
Event: 6144.652 Thread 0x00007faf780b4800 nmethod 1404 0x00007faf604a3610 code [0x00007faf604a3940, 0x00007faf604a4ef0]
Event: 6247.048 Thread 0x00007faf780b2800 1405       4       java.util.concurrent.ThreadPoolExecutor$Worker::tryAcquire (20 bytes)
Event: 6247.052 Thread 0x00007faf780b2800 nmethod 1405 0x00007faf67819010 code [0x00007faf67819180, 0x00007faf678192f8]
Event: 6247.052 Thread 0x00007faf780b2800 1406       4       java.util.concurrent.ThreadPoolExecutor$Worker::tryRelease (12 bytes)
Event: 6247.054 Thread 0x00007faf780b2800 nmethod 1406 0x00007faf67819390 code [0x00007faf67819500, 0x00007faf678195d8]
Event: 6765.848 Thread 0x00007faf780b4800 1407       1       org.fusesource.jansi.Ansi$Erase::value (5 bytes)
Event: 6765.848 Thread 0x00007faf780b4800 nmethod 1407 0x00007faf67819690 code [0x00007faf67819820, 0x00007faf678198f0]

GC Heap History (10 events):
Event: 0.377 GC heap before
{Heap before GC invocations=0 (full 0):
 garbage-first heap   total 65536K, used 19268K [0x00000000fc000000, 0x0000000100000000)
  region size 1024K, 13 young (13312K), 0 survivors (0K)
 Metaspace       used 2129K, capacity 5161K, committed 5504K, reserved 1056768K
  class space    used 214K, capacity 526K, committed 640K, reserved 1048576K
}
Event: 0.381 GC heap after
{Heap after GC invocations=1 (full 0):
 garbage-first heap   total 65536K, used 8746K [0x00000000fc000000, 0x0000000100000000)
  region size 1024K, 2 young (2048K), 2 survivors (2048K)
 Metaspace       used 2129K, capacity 5161K, committed 5504K, reserved 1056768K
  class space    used 214K, capacity 526K, committed 640K, reserved 1048576K
}
Event: 0.806 GC heap before
{Heap before GC invocations=1 (full 0):
 garbage-first heap   total 65536K, used 24106K [0x00000000fc000000, 0x0000000100000000)
  region size 1024K, 17 young (17408K), 2 survivors (2048K)
 Metaspace       used 5971K, capacity 7864K, committed 8064K, reserved 1056768K
  class space    used 817K, capacity 1028K, committed 1152K, reserved 1048576K
}
Event: 0.813 GC heap after
{Heap after GC invocations=2 (full 0):
 garbage-first heap   total 65536K, used 9808K [0x00000000fc000000, 0x0000000100000000)
  region size 1024K, 1 young (1024K), 1 survivors (1024K)
 Metaspace       used 5971K, capacity 7864K, committed 8064K, reserved 1056768K
  class space    used 817K, capacity 1028K, committed 1152K, reserved 1048576K
}
Event: 1663.948 GC heap before
{Heap before GC invocations=2 (full 0):
 garbage-first heap   total 65536K, used 37456K [0x00000000fc000000, 0x0000000100000000)
  region size 1024K, 28 young (28672K), 1 survivors (1024K)
 Metaspace       used 8152K, capacity 9235K, committed 9472K, reserved 1056768K
  class space    used 1080K, capacity 1228K, committed 1280K, reserved 1048576K
}
Event: 1663.955 GC heap after
{Heap after GC invocations=3 (full 0):
 garbage-first heap   total 65536K, used 10069K [0x00000000fc000000, 0x0000000100000000)
  region size 1024K, 2 young (2048K), 2 survivors (2048K)
 Metaspace       used 8152K, capacity 9235K, committed 9472K, reserved 1056768K
  class space    used 1080K, capacity 1228K, committed 1280K, reserved 1048576K
}
Event: 4642.549 GC heap before
{Heap before GC invocations=3 (full 0):
 garbage-first heap   total 65536K, used 44885K [0x00000000fc000000, 0x0000000100000000)
  region size 1024K, 36 young (36864K), 2 survivors (2048K)
 Metaspace       used 8154K, capacity 9235K, committed 9472K, reserved 1056768K
  class space    used 1081K, capacity 1228K, committed 1280K, reserved 1048576K
}
Event: 4642.554 GC heap after
{Heap after GC invocations=4 (full 0):
 garbage-first heap   total 65536K, used 10092K [0x00000000fc000000, 0x0000000100000000)
  region size 1024K, 2 young (2048K), 2 survivors (2048K)
 Metaspace       used 8154K, capacity 9235K, committed 9472K, reserved 1056768K
  class space    used 1081K, capacity 1228K, committed 1280K, reserved 1048576K
}
Event: 7788.048 GC heap before
{Heap before GC invocations=4 (full 0):
 garbage-first heap   total 65536K, used 46956K [0x00000000fc000000, 0x0000000100000000)
  region size 1024K, 38 young (38912K), 2 survivors (2048K)
 Metaspace       used 8157K, capacity 9235K, committed 9472K, reserved 1056768K
  class space    used 1081K, capacity 1228K, committed 1280K, reserved 1048576K
}
Event: 7788.053 GC heap after
{Heap after GC invocations=5 (full 0):
 garbage-first heap   total 65536K, used 10051K [0x00000000fc000000, 0x0000000100000000)
  region size 1024K, 2 young (2048K), 2 survivors (2048K)
 Metaspace       used 8157K, capacity 9235K, committed 9472K, reserved 1056768K
  class space    used 1081K, capacity 1228K, committed 1280K, reserved 1048576K
}

Deoptimization events (20 events):
Event: 506.948 Thread 0x00007faf786d9000 DEOPT PACKING pc=0x00007faf602e5467 sp=0x00007faf5daded80
Event: 506.948 Thread 0x00007faf786d9000 DEOPT UNPACKING pc=0x00007faf5fcd933a sp=0x00007faf5dade308 mode 0
Event: 738.948 Thread 0x00007faf786d9000 DEOPT PACKING pc=0x00007faf604807ae sp=0x00007faf5dadf6c0
Event: 738.948 Thread 0x00007faf786d9000 DEOPT UNPACKING pc=0x00007faf5fcd933a sp=0x00007faf5dadeb90 mode 0
Event: 3600.948 Thread 0x00007faf786d9000 Uncommon trap: trap_request=0xffffff45 fr.pc=0x00007faf677e52f4 relative=0x0000000000004954
Event: 3600.948 Thread 0x00007faf786d9000 Uncommon trap: reason=unstable_if action=reinterpret pc=0x00007faf677e52f4 method=org.gradle.internal.time.TimeFormatting.formatDurationTerse(J)Ljava/lang/String; @ 13 c2
Event: 3600.948 Thread 0x00007faf786d9000 DEOPT PACKING pc=0x00007faf677e52f4 sp=0x00007faf5dadf6c0
Event: 3600.948 Thread 0x00007faf786d9000 DEOPT UNPACKING pc=0x00007faf5fcd8e25 sp=0x00007faf5dadf5f8 mode 2
Event: 3606.894 Thread 0x00007faf786d9000 Uncommon trap: trap_request=0xffffff45 fr.pc=0x00007faf677df810 relative=0x00000000000005f0
Event: 3606.894 Thread 0x00007faf786d9000 Uncommon trap: reason=unstable_if action=reinterpret pc=0x00007faf677df810 method=org.gradle.internal.time.MonotonicClock.advance(J)J @ 11 c2
Event: 3606.894 Thread 0x00007faf786d9000 DEOPT PACKING pc=0x00007faf677df810 sp=0x00007faf5dadf870
Event: 3606.894 Thread 0x00007faf786d9000 DEOPT UNPACKING pc=0x00007faf5fcd8e25 sp=0x00007faf5dadf628 mode 2
Event: 3606.894 Thread 0x00007faf786d9000 Uncommon trap: trap_request=0xffffff45 fr.pc=0x00007faf677dc0cc relative=0x000000000000022c
Event: 3606.894 Thread 0x00007faf786d9000 Uncommon trap: reason=unstable_if action=reinterpret pc=0x00007faf677dc0cc method=org.gradle.internal.time.MonotonicClock.advance(J)J @ 11 c2
Event: 3606.894 Thread 0x00007faf786d9000 DEOPT PACKING pc=0x00007faf677dc0cc sp=0x00007faf5dadf720
Event: 3606.894 Thread 0x00007faf786d9000 DEOPT UNPACKING pc=0x00007faf5fcd8e25 sp=0x00007faf5dadf618 mode 2
Event: 6861.448 Thread 0x00007faf786d9000 DEOPT PACKING pc=0x00007faf604a2a70 sp=0x00007faf5dadf870
Event: 6861.448 Thread 0x00007faf786d9000 DEOPT UNPACKING pc=0x00007faf5fcd933a sp=0x00007faf5dadee08 mode 0
Event: 7680.548 Thread 0x00007faf786d9000 DEOPT PACKING pc=0x00007faf604a2a70 sp=0x00007faf5dadf870
Event: 7680.548 Thread 0x00007faf786d9000 DEOPT UNPACKING pc=0x00007faf5fcd933a sp=0x00007faf5dadee08 mode 0

Classes unloaded (0 events):
No events

Classes redefined (0 events):
No events

Internal exceptions (12 events):
Event: 0.126 Thread 0x00007faf78017800 Exception <a 'java/lang/NoSuchMethodError'{0x00000000ffba76d8}: 'int java.lang.invoke.DirectMethodHandle$Holder.invokeStaticInit(java.lang.Object, java.lang.Object)'> (0x00000000ffba76d8) 
thrown [src/hotspot/share/interpreter/linkResolver.cpp, line 765]
Event: 0.151 Thread 0x00007faf78017800 Exception <a 'java/lang/NoSuchMethodError'{0x00000000ffaac660}: 'int java.lang.invoke.DirectMethodHandle$Holder.invokeSpecial(java.lang.Object, java.lang.Object, java.lang.Object, java.lang.Object)'> (0x00000000ffaac660) 
thrown [src/hotspot/share/interpreter/linkResolver.cpp, line 765]
Event: 0.159 Thread 0x00007faf78017800 Exception <a 'java/lang/NoSuchMethodError'{0x00000000ffadd8c0}: 'int java.lang.invoke.DirectMethodHandle$Holder.invokeSpecialIFC(java.lang.Object, java.lang.Object, int)'> (0x00000000ffadd8c0) 
thrown [src/hotspot/share/interpreter/linkResolver.cpp, line 765]
Event: 0.554 Thread 0x00007faf78017800 Exception <a 'java/lang/NoClassDefFoundError'{0x00000000ff881a10}: org/slf4j/impl/StaticMarkerBinder> (0x00000000ff881a10) 
thrown [src/hotspot/share/classfile/systemDictionary.cpp, line 215]
Event: 0.571 Thread 0x00007faf78017800 Exception <a 'java/lang/NoSuchMethodError'{0x00000000ff7151c8}: 'java.lang.Object java.lang.invoke.DirectMethodHandle$Holder.invokeVirtual(java.lang.Object, java.lang.Object, java.lang.Object, java.lang.Object, java.lang.Object)'> (0x00000000ff7151c8) 
thrown [src/hotspot/share/interpreter/linkResolver.cpp, line 765]
Event: 0.607 Thread 0x00007faf78017800 Exception <a 'java/lang/UnsatisfiedLinkError'{0x00000000ff60aa88}> (0x00000000ff60aa88) 
thrown [src/hotspot/share/prims/jvm.cpp, line 3372]
Event: 0.607 Thread 0x00007faf78017800 Exception <a 'java/lang/UnsatisfiedLinkError'{0x00000000ff60aa88}> (0x00000000ff60aa88) 
thrown [src/hotspot/share/prims/jni.cpp, line 599]
Event: 0.674 Thread 0x00007faf78017800 Exception <a 'java/lang/NoSuchMethodError'{0x00000000ff3783b8}: 'java.lang.Object java.lang.invoke.Invokers$Holder.invoker(java.lang.Object, java.lang.Object, java.lang.Object, java.lang.Object, java.lang.Object)'> (0x00000000ff3783b8) 
thrown [src/hotspot/share/interpreter/linkResolver.cpp, line 765]
Event: 0.677 Thread 0x00007faf78017800 Exception <a 'java/lang/NoSuchMethodError'{0x00000000ff387e58}: 'void java.lang.invoke.DelegatingMethodHandle$Holder.delegate(java.lang.Object, java.lang.Object, int, java.lang.Object)'> (0x00000000ff387e58) 
thrown [src/hotspot/share/interpreter/linkResolver.cpp, line 765]
Event: 0.681 Thread 0x00007faf78017800 Exception <a 'java/lang/NoSuchMethodError'{0x00000000ff39ec98}: 'java.lang.Object java.lang.invoke.Invokers$Holder.invokeExact_MT(java.lang.Object, java.lang.Object, java.lang.Object, java.lang.Object)'> (0x00000000ff39ec98) 
thrown [src/hotspot/share/interpreter/linkResolver.cpp, line 765]
Event: 0.782 Thread 0x00007faf78017800 Exception <a 'java/lang/NoSuchMethodError'{0x00000000feec5b50}: 'java.lang.Object java.lang.invoke.DirectMethodHandle$Holder.invokeStaticInit(java.lang.Object, java.lang.Object, java.lang.Object)'> (0x00000000feec5b50) 
thrown [src/hotspot/share/interpreter/linkResolver.cpp, line 765]
Event: 0.796 Thread 0x00007faf78017800 Implicit null exception at 0x00007faf677990c5 to 0x00007faf67799388

Events (20 events):
Event: 3.949 loading class org/gradle/internal/logging/text/AbstractLineChoppingStyledTextOutput$StateContext
Event: 3.949 loading class org/gradle/internal/logging/text/AbstractLineChoppingStyledTextOutput$StateContext done
Event: 3.950 loading class org/gradle/internal/logging/console/DefaultTextArea$2
Event: 3.950 loading class org/gradle/internal/logging/console/DefaultTextArea$2 done
Event: 3.950 loading class org/gradle/internal/logging/console/DefaultTextArea$2$1
Event: 3.950 loading class org/gradle/internal/logging/console/DefaultTextArea$2$1 done
Event: 661.248 loading class com/google/common/base/Predicates$1
Event: 661.248 loading class com/google/common/base/Predicates$1 done
Event: 1663.948 Executing VM operation: G1CollectForAllocation
Event: 1663.955 Executing VM operation: G1CollectForAllocation done
Event: 1663.956 Executing VM operation: HandshakeOneThread
Event: 1663.956 Executing VM operation: HandshakeOneThread done
Event: 1663.956 Executing VM operation: HandshakeOneThread
Event: 1663.956 Executing VM operation: HandshakeOneThread done
Event: 4541.848 loading class jdk/internal/access/foreign/MemorySegmentProxy
Event: 4541.848 loading class jdk/internal/access/foreign/MemorySegmentProxy done
Event: 4642.548 Executing VM operation: G1CollectForAllocation
Event: 4642.554 Executing VM operation: G1CollectForAllocation done
Event: 7788.048 Executing VM operation: G1CollectForAllocation
Event: 7788.053 Executing VM operation: G1CollectForAllocation done


Dynamic libraries:
fc000000-ffe00000 rw-p 00000000 00:00 0 
ffe00000-ffe52000 rw-p 00bc5000 08:05 15210394                           /usr/lib/jvm/java-14-openjdk-amd64/lib/server/classes.jsa
ffe52000-fff00000 rw-p 00000000 00:00 0 
fff00000-fff7f000 rw-p 00b46000 08:05 15210394                           /usr/lib/jvm/java-14-openjdk-amd64/lib/server/classes.jsa
fff7f000-100000000 rw-p 00000000 00:00 0 
800000000-800003000 rwxp 00001000 08:05 15210394                         /usr/lib/jvm/java-14-openjdk-amd64/lib/server/classes.jsa
800003000-8003e7000 rw-p 00004000 08:05 15210394                         /usr/lib/jvm/java-14-openjdk-amd64/lib/server/classes.jsa
8003e7000-800b17000 r--p 003e8000 08:05 15210394                         /usr/lib/jvm/java-14-openjdk-amd64/lib/server/classes.jsa
800b17000-800b18000 rw-p 00b18000 08:05 15210394                         /usr/lib/jvm/java-14-openjdk-amd64/lib/server/classes.jsa
800b18000-800c58000 rw-p 00000000 00:00 0 
800c58000-840b18000 ---p 00000000 00:00 0 
5590cceda000-5590ccedb000 r--p 00000000 08:05 15210231                   /usr/lib/jvm/java-14-openjdk-amd64/bin/java
5590ccedb000-5590ccedc000 r-xp 00001000 08:05 15210231                   /usr/lib/jvm/java-14-openjdk-amd64/bin/java
5590ccedc000-5590ccedd000 r--p 00002000 08:05 15210231                   /usr/lib/jvm/java-14-openjdk-amd64/bin/java
5590ccedd000-5590ccede000 r--p 00002000 08:05 15210231                   /usr/lib/jvm/java-14-openjdk-amd64/bin/java
5590ccede000-5590ccedf000 rw-p 00003000 08:05 15210231                   /usr/lib/jvm/java-14-openjdk-amd64/bin/java
5590cd7e2000-5590cd803000 rw-p 00000000 00:00 0                          [heap]
7faef8000000-7faef8021000 rw-p 00000000 00:00 0 
7faef8021000-7faefc000000 ---p 00000000 00:00 0 
7faf00000000-7faf00021000 rw-p 00000000 00:00 0 
7faf00021000-7faf04000000 ---p 00000000 00:00 0 
7faf04000000-7faf04021000 rw-p 00000000 00:00 0 
7faf04021000-7faf08000000 ---p 00000000 00:00 0 
7faf08000000-7faf0802e000 rw-p 00000000 00:00 0 
7faf0802e000-7faf0c000000 ---p 00000000 00:00 0 
7faf0c000000-7faf0c021000 rw-p 00000000 00:00 0 
7faf0c021000-7faf10000000 ---p 00000000 00:00 0 
7faf10000000-7faf101f8000 rw-p 00000000 00:00 0 
7faf101f8000-7faf14000000 ---p 00000000 00:00 0 
7faf14000000-7faf14021000 rw-p 00000000 00:00 0 
7faf14021000-7faf18000000 ---p 00000000 00:00 0 
7faf18000000-7faf18021000 rw-p 00000000 00:00 0 
7faf18021000-7faf1c000000 ---p 00000000 00:00 0 
7faf1c000000-7faf1c02f000 rw-p 00000000 00:00 0 
7faf1c02f000-7faf20000000 ---p 00000000 00:00 0 
7faf20000000-7faf20021000 rw-p 00000000 00:00 0 
7faf20021000-7faf24000000 ---p 00000000 00:00 0 
7faf24000000-7faf24021000 rw-p 00000000 00:00 0 
7faf24021000-7faf28000000 ---p 00000000 00:00 0 
7faf28000000-7faf2837e000 rw-p 00000000 00:00 0 
7faf2837e000-7faf2c000000 ---p 00000000 00:00 0 
7faf2c000000-7faf2c021000 rw-p 00000000 00:00 0 
7faf2c021000-7faf30000000 ---p 00000000 00:00 0 
7faf30000000-7faf30021000 rw-p 00000000 00:00 0 
7faf30021000-7faf34000000 ---p 00000000 00:00 0 
7faf34000000-7faf352b8000 rw-p 00000000 00:00 0 
7faf352b8000-7faf38000000 ---p 00000000 00:00 0 
7faf38000000-7faf38021000 rw-p 00000000 00:00 0 
7faf38021000-7faf3c000000 ---p 00000000 00:00 0 
7faf3c000000-7faf3c021000 rw-p 00000000 00:00 0 
7faf3c021000-7faf40000000 ---p 00000000 00:00 0 
7faf40000000-7faf40027000 rw-p 00000000 00:00 0 
7faf40027000-7faf44000000 ---p 00000000 00:00 0 
7faf44000000-7faf44021000 rw-p 00000000 00:00 0 
7faf44021000-7faf48000000 ---p 00000000 00:00 0 
7faf48000000-7faf48021000 rw-p 00000000 00:00 0 
7faf48021000-7faf4c000000 ---p 00000000 00:00 0 
7faf4c000000-7faf4c021000 rw-p 00000000 00:00 0 
7faf4c021000-7faf50000000 ---p 00000000 00:00 0 
7faf50000000-7faf50021000 rw-p 00000000 00:00 0 
7faf50021000-7faf54000000 ---p 00000000 00:00 0 
7faf54000000-7faf54021000 rw-p 00000000 00:00 0 
7faf54021000-7faf58000000 ---p 00000000 00:00 0 
7faf58000000-7faf58021000 rw-p 00000000 00:00 0 
7faf58021000-7faf5c000000 ---p 00000000 00:00 0 
7faf5d5d5000-7faf5d5d9000 ---p 00000000 00:00 0 
7faf5d5d9000-7faf5d6d6000 rw-p 00000000 00:00 0 
7faf5d6d6000-7faf5d6da000 ---p 00000000 00:00 0 
7faf5d6da000-7faf5d7d7000 rw-p 00000000 00:00 0 
7faf5d7d7000-7faf5d7d8000 r--p 00000000 08:05 15210362                   /usr/lib/jvm/java-14-openjdk-amd64/lib/libextnet.so
7faf5d7d8000-7faf5d7d9000 r-xp 00001000 08:05 15210362                   /usr/lib/jvm/java-14-openjdk-amd64/lib/libextnet.so
7faf5d7d9000-7faf5d7da000 r--p 00002000 08:05 15210362                   /usr/lib/jvm/java-14-openjdk-amd64/lib/libextnet.so
7faf5d7da000-7faf5d7db000 r--p 00002000 08:05 15210362                   /usr/lib/jvm/java-14-openjdk-amd64/lib/libextnet.so
7faf5d7db000-7faf5d7dc000 rw-p 00003000 08:05 15210362                   /usr/lib/jvm/java-14-openjdk-amd64/lib/libextnet.so
7faf5d7dc000-7faf5d7dd000 ---p 00000000 00:00 0 
7faf5d7dd000-7faf5d8de000 rw-p 00000000 00:00 0 
7faf5d8de000-7faf5d8df000 ---p 00000000 00:00 0 
7faf5d8df000-7faf5d9e0000 rw-p 00000000 00:00 0 
7faf5d9e0000-7faf5d9e4000 ---p 00000000 00:00 0 
7faf5d9e4000-7faf5dae1000 rw-p 00000000 00:00 0 
7faf5dae1000-7faf5dae2000 r--p 00000000 08:05 14819311                   /usr/lib/x86_64-linux-gnu/libutil-2.31.so
7faf5dae2000-7faf5dae3000 r-xp 00001000 08:05 14819311                   /usr/lib/x86_64-linux-gnu/libutil-2.31.so
7faf5dae3000-7faf5dae4000 r--p 00002000 08:05 14819311                   /usr/lib/x86_64-linux-gnu/libutil-2.31.so
7faf5dae4000-7faf5dae5000 r--p 00002000 08:05 14819311                   /usr/lib/x86_64-linux-gnu/libutil-2.31.so
7faf5dae5000-7faf5dae6000 rw-p 00003000 08:05 14819311                   /usr/lib/x86_64-linux-gnu/libutil-2.31.so
7faf5dae6000-7faf5dae9000 r-xp 00000000 08:05 27009833                   /home/tombomb/.gradle/native/jansi/1.18/linux64/libjansi.so
7faf5dae9000-7faf5dce8000 ---p 00003000 08:05 27009833                   /home/tombomb/.gradle/native/jansi/1.18/linux64/libjansi.so
7faf5dce8000-7faf5dce9000 rw-p 00002000 08:05 27009833                   /home/tombomb/.gradle/native/jansi/1.18/linux64/libjansi.so
7faf5dce9000-7faf5dcf7000 r--p 00000000 08:05 14819245                   /usr/lib/x86_64-linux-gnu/libtinfo.so.6.2
7faf5dcf7000-7faf5dd06000 r-xp 0000e000 08:05 14819245                   /usr/lib/x86_64-linux-gnu/libtinfo.so.6.2
7faf5dd06000-7faf5dd14000 r--p 0001d000 08:05 14819245                   /usr/lib/x86_64-linux-gnu/libtinfo.so.6.2
7faf5dd14000-7faf5dd18000 r--p 0002a000 08:05 14819245                   /usr/lib/x86_64-linux-gnu/libtinfo.so.6.2
7faf5dd18000-7faf5dd19000 rw-p 0002e000 08:05 14819245                   /usr/lib/x86_64-linux-gnu/libtinfo.so.6.2
7faf5dd19000-7faf5dd21000 r--p 00000000 08:05 14818835                   /usr/lib/x86_64-linux-gnu/libncursesw.so.6.2
7faf5dd21000-7faf5dd48000 r-xp 00008000 08:05 14818835                   /usr/lib/x86_64-linux-gnu/libncursesw.so.6.2
7faf5dd48000-7faf5dd51000 r--p 0002f000 08:05 14818835                   /usr/lib/x86_64-linux-gnu/libncursesw.so.6.2
7faf5dd51000-7faf5dd52000 r--p 00037000 08:05 14818835                   /usr/lib/x86_64-linux-gnu/libncursesw.so.6.2
7faf5dd52000-7faf5dd53000 rw-p 00038000 08:05 14818835                   /usr/lib/x86_64-linux-gnu/libncursesw.so.6.2
7faf5dd56000-7faf5dd58000 r--p 00000000 08:05 15210380                   /usr/lib/jvm/java-14-openjdk-amd64/lib/libmanagement_ext.so
7faf5dd58000-7faf5dd5b000 r-xp 00002000 08:05 15210380                   /usr/lib/jvm/java-14-openjdk-amd64/lib/libmanagement_ext.so
7faf5dd5b000-7faf5dd5c000 r--p 00005000 08:05 15210380                   /usr/lib/jvm/java-14-openjdk-amd64/lib/libmanagement_ext.so
7faf5dd5c000-7faf5dd5d000 ---p 00006000 08:05 15210380                   /usr/lib/jvm/java-14-openjdk-amd64/lib/libmanagement_ext.so
7faf5dd5d000-7faf5dd5e000 r--p 00006000 08:05 15210380                   /usr/lib/jvm/java-14-openjdk-amd64/lib/libmanagement_ext.so
7faf5dd5e000-7faf5dd5f000 rw-p 00007000 08:05 15210380                   /usr/lib/jvm/java-14-openjdk-amd64/lib/libmanagement_ext.so
7faf5dd5f000-7faf5dd62000 r--p 00000000 08:05 15210378                   /usr/lib/jvm/java-14-openjdk-amd64/lib/libmanagement.so
7faf5dd62000-7faf5dd63000 r-xp 00003000 08:05 15210378                   /usr/lib/jvm/java-14-openjdk-amd64/lib/libmanagement.so
7faf5dd63000-7faf5dd64000 r--p 00004000 08:05 15210378                   /usr/lib/jvm/java-14-openjdk-amd64/lib/libmanagement.so
7faf5dd64000-7faf5dd65000 r--p 00004000 08:05 15210378                   /usr/lib/jvm/java-14-openjdk-amd64/lib/libmanagement.so
7faf5dd65000-7faf5dd66000 rw-p 00005000 08:05 15210378                   /usr/lib/jvm/java-14-openjdk-amd64/lib/libmanagement.so
7faf5dd66000-7faf5dd6a000 r-xp 00000000 08:05 3412886                    /home/tombomb/.gradle/native/f6784746aeab05261644944871eae4fe03e0ef1612fff0a4a95f87b438bc6780/linux-amd64-ncurses6/libnative-platform-curses.so
7faf5dd6a000-7faf5df69000 ---p 00004000 08:05 3412886                    /home/tombomb/.gradle/native/f6784746aeab05261644944871eae4fe03e0ef1612fff0a4a95f87b438bc6780/linux-amd64-ncurses6/libnative-platform-curses.so
7faf5df69000-7faf5df6a000 r--p 00003000 08:05 3412886                    /home/tombomb/.gradle/native/f6784746aeab05261644944871eae4fe03e0ef1612fff0a4a95f87b438bc6780/linux-amd64-ncurses6/libnative-platform-curses.so
7faf5df6a000-7faf5df6b000 rw-p 00004000 08:05 3412886                    /home/tombomb/.gradle/native/f6784746aeab05261644944871eae4fe03e0ef1612fff0a4a95f87b438bc6780/linux-amd64-ncurses6/libnative-platform-curses.so
7faf5df6b000-7faf5df70000 r-xp 00000000 08:05 27009829                   /home/tombomb/.gradle/native/f6784746aeab05261644944871eae4fe03e0ef1612fff0a4a95f87b438bc6780/linux-amd64/libnative-platform.so
7faf5df70000-7faf5e170000 ---p 00005000 08:05 27009829                   /home/tombomb/.gradle/native/f6784746aeab05261644944871eae4fe03e0ef1612fff0a4a95f87b438bc6780/linux-amd64/libnative-platform.so
7faf5e170000-7faf5e171000 r--p 00005000 08:05 27009829                   /home/tombomb/.gradle/native/f6784746aeab05261644944871eae4fe03e0ef1612fff0a4a95f87b438bc6780/linux-amd64/libnative-platform.so
7faf5e171000-7faf5e172000 rw-p 00006000 08:05 27009829                   /home/tombomb/.gradle/native/f6784746aeab05261644944871eae4fe03e0ef1612fff0a4a95f87b438bc6780/linux-amd64/libnative-platform.so
7faf5e172000-7faf5e173000 ---p 00000000 00:00 0 
7faf5e173000-7faf5e274000 rw-p 00000000 00:00 0 
7faf5e274000-7faf5e278000 ---p 00000000 00:00 0 
7faf5e278000-7faf5e375000 rw-p 00000000 00:00 0 
7faf5e375000-7faf5e379000 ---p 00000000 00:00 0 
7faf5e379000-7faf5e4a7000 rw-p 00000000 00:00 0 
7faf5e4a7000-7faf5e4ab000 ---p 00000000 00:00 0 
7faf5e4ab000-7faf5e5a8000 rw-p 00000000 00:00 0 
7faf5e5a8000-7faf5e5a9000 ---p 00000000 00:00 0 
7faf5e5a9000-7faf5e6aa000 rw-p 00000000 00:00 0 
7faf5e6aa000-7faf5e6ae000 ---p 00000000 00:00 0 
7faf5e6ae000-7faf5e7ab000 rw-p 00000000 00:00 0 
7faf5e7ab000-7faf5e7af000 ---p 00000000 00:00 0 
7faf5e7af000-7faf5e8ac000 rw-p 00000000 00:00 0 
7faf5e8ac000-7faf5e8b0000 ---p 00000000 00:00 0 
7faf5e8b0000-7faf5e9ad000 rw-p 00000000 00:00 0 
7faf5e9ad000-7faf5e9b1000 ---p 00000000 00:00 0 
7faf5e9b1000-7faf5eaae000 rw-p 00000000 00:00 0 
7faf5eaae000-7faf5eab2000 ---p 00000000 00:00 0 
7faf5eab2000-7faf5ebaf000 rw-p 00000000 00:00 0 
7faf5ebaf000-7faf5ebb3000 ---p 00000000 00:00 0 
7faf5ebb3000-7faf5ecb0000 rw-p 00000000 00:00 0 
7faf5ecb0000-7faf5fa8e000 r--p 00000000 08:05 14817467                   /usr/lib/locale/locale-archive
7faf5fa8e000-7faf5fa92000 ---p 00000000 00:00 0 
7faf5fa92000-7faf5fb8f000 rw-p 00000000 00:00 0 
7faf5fb8f000-7faf5fb93000 ---p 00000000 00:00 0 
7faf5fb93000-7faf5fc90000 rw-p 00000000 00:00 0 
7faf5fc90000-7faf5ff00000 rwxp 00000000 00:00 0 
7faf5ff00000-7faf60221000 ---p 00000000 00:00 0 
7faf60221000-7faf604b1000 rwxp 00000000 00:00 0 
7faf604b1000-7faf67758000 ---p 00000000 00:00 0 
7faf67758000-7faf679c8000 rwxp 00000000 00:00 0 
7faf679c8000-7faf6ec90000 ---p 00000000 00:00 0 
7faf6ec90000-7faf78000000 r--s 00000000 08:05 15210391                   /usr/lib/jvm/java-14-openjdk-amd64/lib/modules
7faf78000000-7faf7882a000 rw-p 00000000 00:00 0 
7faf7882a000-7faf7c000000 ---p 00000000 00:00 0 
7faf7c000000-7faf7c007000 r--s 00000000 08:05 15468373                   /usr/lib/x86_64-linux-gnu/gconv/gconv-modules.cache
7faf7c007000-7faf7c00b000 r--p 00000000 08:05 15210389                   /usr/lib/jvm/java-14-openjdk-amd64/lib/libverify.so
7faf7c00b000-7faf7c012000 r-xp 00004000 08:05 15210389                   /usr/lib/jvm/java-14-openjdk-amd64/lib/libverify.so
7faf7c012000-7faf7c014000 r--p 0000b000 08:05 15210389                   /usr/lib/jvm/java-14-openjdk-amd64/lib/libverify.so
7faf7c014000-7faf7c016000 r--p 0000c000 08:05 15210389                   /usr/lib/jvm/java-14-openjdk-amd64/lib/libverify.so
7faf7c016000-7faf7c017000 rw-p 0000e000 08:05 15210389                   /usr/lib/jvm/java-14-openjdk-amd64/lib/libverify.so
7faf7c017000-7faf7c01b000 r--p 00000000 08:05 15210382                   /usr/lib/jvm/java-14-openjdk-amd64/lib/libnet.so
7faf7c01b000-7faf7c029000 r-xp 00004000 08:05 15210382                   /usr/lib/jvm/java-14-openjdk-amd64/lib/libnet.so
7faf7c029000-7faf7c02d000 r--p 00012000 08:05 15210382                   /usr/lib/jvm/java-14-openjdk-amd64/lib/libnet.so
7faf7c02d000-7faf7c02e000 r--p 00015000 08:05 15210382                   /usr/lib/jvm/java-14-openjdk-amd64/lib/libnet.so
7faf7c02e000-7faf7c02f000 rw-p 00016000 08:05 15210382                   /usr/lib/jvm/java-14-openjdk-amd64/lib/libnet.so
7faf7c02f000-7faf7c036000 r--p 00000000 08:05 15210383                   /usr/lib/jvm/java-14-openjdk-amd64/lib/libnio.so
7faf7c036000-7faf7c03f000 r-xp 00007000 08:05 15210383                   /usr/lib/jvm/java-14-openjdk-amd64/lib/libnio.so
7faf7c03f000-7faf7c043000 r--p 00010000 08:05 15210383                   /usr/lib/jvm/java-14-openjdk-amd64/lib/libnio.so
7faf7c043000-7faf7c044000 r--p 00013000 08:05 15210383                   /usr/lib/jvm/java-14-openjdk-amd64/lib/libnio.so
7faf7c044000-7faf7c045000 rw-p 00014000 08:05 15210383                   /usr/lib/jvm/java-14-openjdk-amd64/lib/libnio.so
7faf7c045000-7faf7c046000 ---p 00000000 00:00 0 
7faf7c046000-7faf7ca64000 rw-p 00000000 00:00 0 
7faf7ca64000-7faf7caa6000 rw-p 00000000 00:00 0 
7faf7caa6000-7faf7caa7000 ---p 00000000 00:00 0 
7faf7caa7000-7faf7cba8000 rw-p 00000000 00:00 0 
7faf7cba8000-7faf7cba9000 ---p 00000000 00:00 0 
7faf7cba9000-7faf7f0ae000 rw-p 00000000 00:00 0 
7faf7f0ae000-7faf7f0af000 ---p 00000000 00:00 0 
7faf7f0af000-7faf7f1b0000 rw-p 00000000 00:00 0 
7faf7f1b0000-7faf7f1b1000 ---p 00000000 00:00 0 
7faf7f1b1000-7faf7f2b2000 rw-p 00000000 00:00 0 
7faf7f2b2000-7faf7f2b3000 ---p 00000000 00:00 0 
7faf7f2b3000-7faf7f5d4000 rw-p 00000000 00:00 0 
7faf7f5d4000-7faf7fa1d000 rw-p 00000000 00:00 0 
7faf7fa1d000-7faf7fb03000 ---p 00000000 00:00 0 
7faf7fb03000-7faf7fb09000 rw-p 00000000 00:00 0 
7faf7fb09000-7faf7fbee000 ---p 00000000 00:00 0 
7faf7fbee000-7faf7fbf3000 rw-p 00000000 00:00 0 
7faf7fbf3000-7faf7fbfa000 ---p 00000000 00:00 0 
7faf7fbfa000-7faf7fc07000 r--p 00000000 08:05 15210369                   /usr/lib/jvm/java-14-openjdk-amd64/lib/libjava.so
7faf7fc07000-7faf7fc1a000 r-xp 0000d000 08:05 15210369                   /usr/lib/jvm/java-14-openjdk-amd64/lib/libjava.so
7faf7fc1a000-7faf7fc20000 r--p 00020000 08:05 15210369                   /usr/lib/jvm/java-14-openjdk-amd64/lib/libjava.so
7faf7fc20000-7faf7fc21000 r--p 00025000 08:05 15210369                   /usr/lib/jvm/java-14-openjdk-amd64/lib/libjava.so
7faf7fc21000-7faf7fc23000 rw-p 00026000 08:05 15210369                   /usr/lib/jvm/java-14-openjdk-amd64/lib/libjava.so
7faf7fc23000-7faf7fc26000 r--p 00000000 08:05 14818898                   /usr/lib/x86_64-linux-gnu/libnss_files-2.31.so
7faf7fc26000-7faf7fc2d000 r-xp 00003000 08:05 14818898                   /usr/lib/x86_64-linux-gnu/libnss_files-2.31.so
7faf7fc2d000-7faf7fc2f000 r--p 0000a000 08:05 14818898                   /usr/lib/x86_64-linux-gnu/libnss_files-2.31.so
7faf7fc2f000-7faf7fc30000 r--p 0000b000 08:05 14818898                   /usr/lib/x86_64-linux-gnu/libnss_files-2.31.so
7faf7fc30000-7faf7fc31000 rw-p 0000c000 08:05 14818898                   /usr/lib/x86_64-linux-gnu/libnss_files-2.31.so
7faf7fc31000-7faf7fc37000 rw-p 00000000 00:00 0 
7faf7fc3b000-7faf7fc3e000 rw-p 00000000 00:00 0 
7faf7fc3e000-7faf7fc40000 r--s 0000c000 08:05 15733373                   /usr/share/java/java-atk-wrapper.jar
7faf7fc40000-7faf7fc42000 r--p 00000000 08:05 15210390                   /usr/lib/jvm/java-14-openjdk-amd64/lib/libzip.so
7faf7fc42000-7faf7fc46000 r-xp 00002000 08:05 15210390                   /usr/lib/jvm/java-14-openjdk-amd64/lib/libzip.so
7faf7fc46000-7faf7fc48000 r--p 00006000 08:05 15210390                   /usr/lib/jvm/java-14-openjdk-amd64/lib/libzip.so
7faf7fc48000-7faf7fc49000 r--p 00007000 08:05 15210390                   /usr/lib/jvm/java-14-openjdk-amd64/lib/libzip.so
7faf7fc49000-7faf7fc4a000 rw-p 00008000 08:05 15210390                   /usr/lib/jvm/java-14-openjdk-amd64/lib/libzip.so
7faf7fc4a000-7faf7fc4e000 ---p 00000000 00:00 0 
7faf7fc4e000-7faf7fd4b000 rw-p 00000000 00:00 0 
7faf7fd4b000-7faf7fd4e000 r--p 00000000 08:05 14818421                   /usr/lib/x86_64-linux-gnu/libgcc_s.so.1
7faf7fd4e000-7faf7fd60000 r-xp 00003000 08:05 14818421                   /usr/lib/x86_64-linux-gnu/libgcc_s.so.1
7faf7fd60000-7faf7fd64000 r--p 00015000 08:05 14818421                   /usr/lib/x86_64-linux-gnu/libgcc_s.so.1
7faf7fd64000-7faf7fd65000 r--p 00018000 08:05 14818421                   /usr/lib/x86_64-linux-gnu/libgcc_s.so.1
7faf7fd65000-7faf7fd66000 rw-p 00019000 08:05 14818421                   /usr/lib/x86_64-linux-gnu/libgcc_s.so.1
7faf7fd66000-7faf7fd75000 r--p 00000000 08:05 14818774                   /usr/lib/x86_64-linux-gnu/libm-2.31.so
7faf7fd75000-7faf7fe1c000 r-xp 0000f000 08:05 14818774                   /usr/lib/x86_64-linux-gnu/libm-2.31.so
7faf7fe1c000-7faf7feb3000 r--p 000b6000 08:05 14818774                   /usr/lib/x86_64-linux-gnu/libm-2.31.so
7faf7feb3000-7faf7feb4000 r--p 0014c000 08:05 14818774                   /usr/lib/x86_64-linux-gnu/libm-2.31.so
7faf7feb4000-7faf7feb5000 rw-p 0014d000 08:05 14818774                   /usr/lib/x86_64-linux-gnu/libm-2.31.so
7faf7feb5000-7faf7ff4b000 r--p 00000000 08:05 14819202                   /usr/lib/x86_64-linux-gnu/libstdc++.so.6.0.28
7faf7ff4b000-7faf8003b000 r-xp 00096000 08:05 14819202                   /usr/lib/x86_64-linux-gnu/libstdc++.so.6.0.28
7faf8003b000-7faf80084000 r--p 00186000 08:05 14819202                   /usr/lib/x86_64-linux-gnu/libstdc++.so.6.0.28
7faf80084000-7faf80085000 ---p 001cf000 08:05 14819202                   /usr/lib/x86_64-linux-gnu/libstdc++.so.6.0.28
7faf80085000-7faf80090000 r--p 001cf000 08:05 14819202                   /usr/lib/x86_64-linux-gnu/libstdc++.so.6.0.28
7faf80090000-7faf80093000 rw-p 001da000 08:05 14819202                   /usr/lib/x86_64-linux-gnu/libstdc++.so.6.0.28
7faf80093000-7faf80096000 rw-p 00000000 00:00 0 
7faf80096000-7faf802c4000 r--p 00000000 08:05 15210396                   /usr/lib/jvm/java-14-openjdk-amd64/lib/server/libjvm.so
7faf802c4000-7faf80fdf000 r-xp 0022e000 08:05 15210396                   /usr/lib/jvm/java-14-openjdk-amd64/lib/server/libjvm.so
7faf80fdf000-7faf81240000 r--p 00f49000 08:05 15210396                   /usr/lib/jvm/java-14-openjdk-amd64/lib/server/libjvm.so
7faf81240000-7faf81241000 ---p 011aa000 08:05 15210396                   /usr/lib/jvm/java-14-openjdk-amd64/lib/server/libjvm.so
7faf81241000-7faf812e8000 r--p 011aa000 08:05 15210396                   /usr/lib/jvm/java-14-openjdk-amd64/lib/server/libjvm.so
7faf812e8000-7faf81322000 rw-p 01251000 08:05 15210396                   /usr/lib/jvm/java-14-openjdk-amd64/lib/server/libjvm.so
7faf81322000-7faf813a5000 rw-p 00000000 00:00 0 
7faf813a5000-7faf813ac000 r--p 00000000 08:05 14819039                   /usr/lib/x86_64-linux-gnu/libpthread-2.31.so
7faf813ac000-7faf813bd000 r-xp 00007000 08:05 14819039                   /usr/lib/x86_64-linux-gnu/libpthread-2.31.so
7faf813bd000-7faf813c2000 r--p 00018000 08:05 14819039                   /usr/lib/x86_64-linux-gnu/libpthread-2.31.so
7faf813c2000-7faf813c3000 r--p 0001c000 08:05 14819039                   /usr/lib/x86_64-linux-gnu/libpthread-2.31.so
7faf813c3000-7faf813c4000 rw-p 0001d000 08:05 14819039                   /usr/lib/x86_64-linux-gnu/libpthread-2.31.so
7faf813c4000-7faf813c8000 rw-p 00000000 00:00 0 
7faf813c8000-7faf813c9000 r--p 00000000 08:05 14818271                   /usr/lib/x86_64-linux-gnu/libdl-2.31.so
7faf813c9000-7faf813cb000 r-xp 00001000 08:05 14818271                   /usr/lib/x86_64-linux-gnu/libdl-2.31.so
7faf813cb000-7faf813cc000 r--p 00003000 08:05 14818271                   /usr/lib/x86_64-linux-gnu/libdl-2.31.so
7faf813cc000-7faf813cd000 r--p 00003000 08:05 14818271                   /usr/lib/x86_64-linux-gnu/libdl-2.31.so
7faf813cd000-7faf813ce000 rw-p 00004000 08:05 14818271                   /usr/lib/x86_64-linux-gnu/libdl-2.31.so
7faf813ce000-7faf813d0000 r--p 00000000 08:05 14819464                   /usr/lib/x86_64-linux-gnu/libz.so.1.2.11
7faf813d0000-7faf813e1000 r-xp 00002000 08:05 14819464                   /usr/lib/x86_64-linux-gnu/libz.so.1.2.11
7faf813e1000-7faf813e7000 r--p 00013000 08:05 14819464                   /usr/lib/x86_64-linux-gnu/libz.so.1.2.11
7faf813e7000-7faf813e8000 ---p 00019000 08:05 14819464                   /usr/lib/x86_64-linux-gnu/libz.so.1.2.11
7faf813e8000-7faf813e9000 r--p 00019000 08:05 14819464                   /usr/lib/x86_64-linux-gnu/libz.so.1.2.11
7faf813e9000-7faf813ea000 rw-p 0001a000 08:05 14819464                   /usr/lib/x86_64-linux-gnu/libz.so.1.2.11
7faf813ea000-7faf8140f000 r--p 00000000 08:05 14818136                   /usr/lib/x86_64-linux-gnu/libc-2.31.so
7faf8140f000-7faf81587000 r-xp 00025000 08:05 14818136                   /usr/lib/x86_64-linux-gnu/libc-2.31.so
7faf81587000-7faf815d1000 r--p 0019d000 08:05 14818136                   /usr/lib/x86_64-linux-gnu/libc-2.31.so
7faf815d1000-7faf815d2000 ---p 001e7000 08:05 14818136                   /usr/lib/x86_64-linux-gnu/libc-2.31.so
7faf815d2000-7faf815d5000 r--p 001e7000 08:05 14818136                   /usr/lib/x86_64-linux-gnu/libc-2.31.so
7faf815d5000-7faf815d8000 rw-p 001ea000 08:05 14818136                   /usr/lib/x86_64-linux-gnu/libc-2.31.so
7faf815d8000-7faf815dc000 rw-p 00000000 00:00 0 
7faf815dc000-7faf815e4000 rw-s 00000000 08:05 3539521                    /tmp/hsperfdata_tombomb/5828
7faf815e4000-7faf815e5000 ---p 00000000 00:00 0 
7faf815e5000-7faf815e6000 r--p 00000000 00:00 0 
7faf815e6000-7faf815e8000 r--p 00000000 08:05 15210373                   /usr/lib/jvm/java-14-openjdk-amd64/lib/libjimage.so
7faf815e8000-7faf815eb000 r-xp 00002000 08:05 15210373                   /usr/lib/jvm/java-14-openjdk-amd64/lib/libjimage.so
7faf815eb000-7faf815ec000 r--p 00005000 08:05 15210373                   /usr/lib/jvm/java-14-openjdk-amd64/lib/libjimage.so
7faf815ec000-7faf815ed000 ---p 00006000 08:05 15210373                   /usr/lib/jvm/java-14-openjdk-amd64/lib/libjimage.so
7faf815ed000-7faf815ee000 r--p 00006000 08:05 15210373                   /usr/lib/jvm/java-14-openjdk-amd64/lib/libjimage.so
7faf815ee000-7faf815ef000 rw-p 00007000 08:05 15210373                   /usr/lib/jvm/java-14-openjdk-amd64/lib/libjimage.so
7faf815ef000-7faf815f2000 r--p 00000000 08:05 15210374                   /usr/lib/jvm/java-14-openjdk-amd64/lib/libjli.so
7faf815f2000-7faf815fc000 r-xp 00003000 08:05 15210374                   /usr/lib/jvm/java-14-openjdk-amd64/lib/libjli.so
7faf815fc000-7faf815ff000 r--p 0000d000 08:05 15210374                   /usr/lib/jvm/java-14-openjdk-amd64/lib/libjli.so
7faf815ff000-7faf81600000 r--p 0000f000 08:05 15210374                   /usr/lib/jvm/java-14-openjdk-amd64/lib/libjli.so
7faf81600000-7faf81601000 rw-p 00010000 08:05 15210374                   /usr/lib/jvm/java-14-openjdk-amd64/lib/libjli.so
7faf81601000-7faf81603000 rw-p 00000000 00:00 0 
7faf81603000-7faf81604000 r--p 00000000 08:05 14817923                   /usr/lib/x86_64-linux-gnu/ld-2.31.so
7faf81604000-7faf81627000 r-xp 00001000 08:05 14817923                   /usr/lib/x86_64-linux-gnu/ld-2.31.so
7faf81627000-7faf8162f000 r--p 00024000 08:05 14817923                   /usr/lib/x86_64-linux-gnu/ld-2.31.so
7faf8162f000-7faf81630000 ---p 00000000 00:00 0 
7faf81630000-7faf81631000 r--p 0002c000 08:05 14817923                   /usr/lib/x86_64-linux-gnu/ld-2.31.so
7faf81631000-7faf81632000 rw-p 0002d000 08:05 14817923                   /usr/lib/x86_64-linux-gnu/ld-2.31.so
7faf81632000-7faf81633000 rw-p 00000000 00:00 0 
7fff4c662000-7fff4c684000 rw-p 00000000 00:00 0                          [stack]
7fff4c739000-7fff4c73c000 r--p 00000000 00:00 0                          [vvar]
7fff4c73c000-7fff4c73d000 r-xp 00000000 00:00 0                          [vdso]
ffffffffff600000-ffffffffff601000 --xp 00000000 00:00 0                  [vsyscall]


VM Arguments:
jvm_args: -Xmx64m -Xms64m -Dorg.gradle.appname=gradlew 
java_command: org.gradle.wrapper.GradleWrapperMain run
java_class_path (initial): /home/tombomb/workspace/java/micronaut/allowance/gradle/wrapper/gradle-wrapper.jar
Launcher Type: SUN_STANDARD

[Global flags]
     intx CICompilerCount                          = 3                                         {product} {ergonomic}
     uint ConcGCThreads                            = 1                                         {product} {ergonomic}
     uint G1ConcRefinementThreads                  = 4                                         {product} {ergonomic}
   size_t G1HeapRegionSize                         = 1048576                                   {product} {ergonomic}
    uintx GCDrainStackTargetSize                   = 64                                        {product} {ergonomic}
   size_t InitialHeapSize                          = 67108864                                  {product} {command line}
   size_t MarkStackSize                            = 4194304                                   {product} {ergonomic}
   size_t MaxHeapSize                              = 67108864                                  {product} {command line}
   size_t MaxNewSize                               = 39845888                                  {product} {ergonomic}
   size_t MinHeapDeltaBytes                        = 1048576                                   {product} {ergonomic}
   size_t MinHeapSize                              = 67108864                                  {product} {command line}
    uintx NonNMethodCodeHeapSize                   = 5832780                                {pd product} {ergonomic}
    uintx NonProfiledCodeHeapSize                  = 122912730                              {pd product} {ergonomic}
    uintx ProfiledCodeHeapSize                     = 122912730                              {pd product} {ergonomic}
    uintx ReservedCodeCacheSize                    = 251658240                              {pd product} {ergonomic}
     bool SegmentedCodeCache                       = true                                      {product} {ergonomic}
   size_t SoftMaxHeapSize                          = 67108864                               {manageable} {ergonomic}
     bool UseCompressedClassPointers               = true                                 {lp64_product} {ergonomic}
     bool UseCompressedOops                        = true                                 {lp64_product} {ergonomic}
     bool UseG1GC                                  = true                                      {product} {ergonomic}

Logging:
Log output configuration:
 #0: stdout all=warning uptime,level,tags
 #1: stderr all=off uptime,level,tags

Environment Variables:
PATH=/home/tombomb/.sdkman/candidates/micronaut/current/bin:/home/tombomb/.nvm/versions/node/v12.18.2/bin:/home/tombomb/.npm-global/bin:/home/tombomb/.npm-global/bin:/usr/local/sbin:/usr/local/bin:/usr/sbin:/usr/bin:/sbin:/bin:/usr/games:/usr/local/games:/snap/bin:/bin:/home/tombomb/workspace/go/bin:/bin:/home/tombomb/workspace/go/bin
USERNAME=tombomb
SHELL=/bin/bash
DISPLAY=:0

Signal Handlers:
SIGSEGV: [libjvm.so+0xed87d0], sa_mask[0]=11111111011111111101111111111110, sa_flags=SA_RESTART|SA_SIGINFO
SIGBUS: [libjvm.so+0xed87d0], sa_mask[0]=11111111011111111101111111111110, sa_flags=SA_RESTART|SA_SIGINFO
SIGFPE: [libjvm.so+0xed87d0], sa_mask[0]=11111111011111111101111111111110, sa_flags=SA_RESTART|SA_SIGINFO
SIGPIPE: [libjvm.so+0xb87af0], sa_mask[0]=11111111011111111101111111111110, sa_flags=SA_RESTART|SA_SIGINFO
SIGXFSZ: [libjvm.so+0xb87af0], sa_mask[0]=11111111011111111101111111111110, sa_flags=SA_RESTART|SA_SIGINFO
SIGILL: [libjvm.so+0xed87d0], sa_mask[0]=11111111011111111101111111111110, sa_flags=SA_RESTART|SA_SIGINFO
SIGUSR2: [libjvm.so+0xb87990], sa_mask[0]=00000000000000000000000000000000, sa_flags=SA_RESTART|SA_SIGINFO
SIGHUP: [libjvm.so+0xb880d0], sa_mask[0]=11111111011111111101111111111110, sa_flags=SA_RESTART|SA_SIGINFO
SIGINT: [libjvm.so+0xb880d0], sa_mask[0]=11111111011111111101111111111110, sa_flags=SA_RESTART|SA_SIGINFO
SIGTERM: [libjvm.so+0xb880d0], sa_mask[0]=11111111011111111101111111111110, sa_flags=SA_RESTART|SA_SIGINFO
SIGQUIT: [libjvm.so+0xb880d0], sa_mask[0]=11111111011111111101111111111110, sa_flags=SA_RESTART|SA_SIGINFO


---------------  S Y S T E M  ---------------

OS:DISTRIB_ID=Ubuntu
DISTRIB_RELEASE=20.04
DISTRIB_CODENAME=focal
DISTRIB_DESCRIPTION="Ubuntu 20.04.1 LTS"
uname:Linux 5.4.0-45-generic #49-Ubuntu SMP Wed Aug 26 13:38:52 UTC 2020 x86_64
OS uptime: 0 days 10:26 hours
libc:glibc 2.31 NPTL 2.31 
rlimit: STACK 8192k, CORE 0k, NPROC 30727, NOFILE 1048576, AS infinity, DATA infinity, FSIZE infinity
load average:2.79 2.07 1.63

/proc/meminfo:
MemTotal:        7928316 kB
MemFree:         1002164 kB
MemAvailable:    3108620 kB
Buffers:          301480 kB
Cached:          2446316 kB
SwapCached:            0 kB
Active:          4668688 kB
Inactive:        1482516 kB
Active(anon):    3737564 kB
Inactive(anon):   157608 kB
Active(file):     931124 kB
Inactive(file):  1324908 kB
Unevictable:      349860 kB
Mlocked:            2908 kB
SwapTotal:       2097148 kB
SwapFree:        2097148 kB
Dirty:               280 kB
Writeback:             0 kB
AnonPages:       3753700 kB
Mapped:           808640 kB
Shmem:            494508 kB
KReclaimable:     145456 kB
Slab:             293288 kB
SReclaimable:     145456 kB
SUnreclaim:       147832 kB
KernelStack:       17472 kB
PageTables:        40376 kB
NFS_Unstable:          0 kB
Bounce:                0 kB
WritebackTmp:          0 kB
CommitLimit:     6061304 kB
Committed_AS:   11875184 kB
VmallocTotal:   34359738367 kB
VmallocUsed:       39464 kB
VmallocChunk:          0 kB
Percpu:             6816 kB
HardwareCorrupted:     0 kB
AnonHugePages:         0 kB
ShmemHugePages:        0 kB
ShmemPmdMapped:        0 kB
FileHugePages:         0 kB
FilePmdMapped:         0 kB
CmaTotal:              0 kB
CmaFree:               0 kB
HugePages_Total:       0
HugePages_Free:        0
HugePages_Rsvd:        0
HugePages_Surp:        0
Hugepagesize:       2048 kB
Hugetlb:               0 kB
DirectMap4k:      337408 kB
DirectMap2M:     7825408 kB
DirectMap1G:     1048576 kB


/proc/sys/kernel/threads-max (system-wide limit on the number of threads):
61455


/proc/sys/vm/max_map_count (maximum number of memory map areas a process may have):
65530


/proc/sys/kernel/pid_max (system-wide limit on number of process identifiers):
4194304



container (cgroup) information:
container_type: cgroupv1
cpu_cpuset_cpus: 0-3
cpu_memory_nodes: 0
active_processor_count: 4
cpu_quota: no quota
cpu_period: 100000
cpu_shares: no shares
memory_limit_in_bytes: unlimited
memory_and_swap_limit_in_bytes: not supported
memory_soft_limit_in_bytes: unlimited
memory_usage_in_bytes: 5017530368
memory_max_usage_in_bytes: 5091778560

Steal ticks since vm start: 0
Steal ticks percentage since vm start:  0.000

CPU:total 4 (initial active 4) (2 cores per cpu, 2 threads per core) family 6 model 61 stepping 4, cmov, cx8, fxsr, mmx, sse, sse2, sse3, ssse3, sse4.1, sse4.2, popcnt, avx, avx2, aes, clmul, erms, rtm, 3dnowpref, lzcnt, ht, tsc, tscinvbit, bmi1, bmi2, adx, fma
CPU Model and flags from /proc/cpuinfo:
model name	: Intel(R) Core(TM) M-5Y71 CPU @ 1.20GHz
flags		: fpu vme de pse tsc msr pae mce cx8 apic sep mtrr pge mca cmov pat pse36 clflush dts acpi mmx fxsr sse sse2 ss ht tm pbe syscall nx pdpe1gb rdtscp lm constant_tsc arch_perfmon pebs bts rep_good nopl xtopology nonstop_tsc cpuid aperfmperf pni pclmulqdq dtes64 monitor ds_cpl vmx smx est tm2 ssse3 sdbg fma cx16 xtpr pdcm pcid sse4_1 sse4_2 x2apic movbe popcnt tsc_deadline_timer aes xsave avx f16c rdrand lahf_lm abm 3dnowprefetch cpuid_fault epb invpcid_single pti ssbd ibrs ibpb stibp tpr_shadow vnmi flexpriority ept vpid ept_ad fsgsbase tsc_adjust bmi1 hle avx2 smep bmi2 erms invpcid rtm rdseed adx smap intel_pt xsaveopt dtherm ida arat pln pts md_clear flush_l1d

Memory: 4k page, physical 7928316k(1002164k free), swap 2097148k(2097148k free)

vm_info: OpenJDK 64-Bit Server VM (14.0.1+7-Ubuntu-1ubuntu1) for linux-amd64 JRE (14.0.1+7-Ubuntu-1ubuntu1), built on Apr 18 2020 12:25:53 by "unknown" with gcc 9.3.0

END.
